<?xml version="1.0" encoding="UTF-8" ?>
<testsuite tests="7" failures="0" name="feature.RunCucumberTest" time="0.117" errors="0" skipped="1">
  <properties>
    <property name="java.runtime.name" value="OpenJDK Runtime Environment"/>
    <property name="java.vm.version" value="17.0.2+8-86"/>
    <property name="sun.boot.library.path" value="/opt/jdk-17/lib"/>
    <property name="maven.multiModuleProjectDirectory" value="/mnt/c/Users/Celine/Desktop/Dev/Agile/AgileTestCucumber"/>
    <property name="java.vm.vendor" value="Oracle Corporation"/>
    <property name="java.vendor.url" value="https://java.oracle.com/"/>
    <property name="guice.disable.misplaced.annotation.check" value="true"/>
    <property name="path.separator" value=":"/>
    <property name="java.vm.name" value="OpenJDK 64-Bit Server VM"/>
    <property name="sun.java.launcher" value="SUN_STANDARD"/>
    <property name="java.vm.specification.name" value="Java Virtual Machine Specification"/>
    <property name="user.dir" value="/mnt/c/Users/Celine/Desktop/Dev/Agile/AgileTestCucumber"/>
    <property name="java.vm.compressedOopsMode" value="32-bit"/>
    <property name="java.runtime.version" value="17.0.2+8-86"/>
    <property name="os.arch" value="amd64"/>
    <property name="java.io.tmpdir" value="/tmp"/>
    <property name="line.separator" value="
"/>
    <property name="java.vm.specification.vendor" value="Oracle Corporation"/>
    <property name="os.name" value="Linux"/>
    <property name="classworlds.conf" value="/mnt/c/Program Files/apache-maven-3.8.5/bin/m2.conf"/>
    <property name="sun.jnu.encoding" value="UTF-8"/>
    <property name="java.library.path" value="/usr/java/packages/lib:/usr/lib64:/lib64:/lib:/usr/lib"/>
    <property name="maven.conf" value="/mnt/c/Program Files/apache-maven-3.8.5/conf"/>
    <property name="jdk.debug" value="release"/>
    <property name="java.class.version" value="61.0"/>
    <property name="java.specification.name" value="Java Platform API Specification"/>
    <property name="sun.management.compiler" value="HotSpot 64-Bit Tiered Compilers"/>
    <property name="os.version" value="5.10.102.1-microsoft-standard-WSL2"/>
    <property name="library.jansi.path" value="/mnt/c/Program Files/apache-maven-3.8.5/lib/jansi-native"/>
    <property name="user.home" value="/home/celine"/>
    <property name="user.timezone" value="Europe/Paris"/>
    <property name="file.encoding" value="UTF-8"/>
    <property name="java.specification.version" value="17"/>
    <property name="user.name" value="celine"/>
    <property name="java.class.path" value="/mnt/c/Program Files/apache-maven-3.8.5/boot/plexus-classworlds-2.6.0.jar"/>
    <property name="java.vm.specification.version" value="17"/>
    <property name="sun.arch.data.model" value="64"/>
    <property name="sun.java.command" value="org.codehaus.plexus.classworlds.launcher.Launcher package"/>
    <property name="java.home" value="/opt/jdk-17"/>
    <property name="user.language" value="en"/>
    <property name="java.specification.vendor" value="Oracle Corporation"/>
    <property name="java.vm.info" value="mixed mode, sharing"/>
    <property name="java.version" value="17.0.2"/>
    <property name="native.encoding" value="UTF-8"/>
    <property name="java.vendor" value="Oracle Corporation"/>
    <property name="sun.stderr.encoding" value="UTF-8"/>
    <property name="maven.home" value="/mnt/c/Program Files/apache-maven-3.8.5"/>
    <property name="file.separator" value="/"/>
    <property name="java.version.date" value="2022-01-18"/>
    <property name="java.vendor.url.bug" value="https://bugreport.java.com/bugreport/"/>
    <property name="sun.io.unicode.encoding" value="UnicodeLittle"/>
    <property name="sun.cpu.endian" value="little"/>
    <property name="sun.stdout.encoding" value="UTF-8"/>
  </properties>
  <testcase classname="US_000 Affectation des points" name="Equipe A joue un match contre Equipe B" time="0.062"/>
  <testcase classname="US_000 Affectation des points" name="Equipe A joue un match contre Equipe B" time="0"/>
  <testcase classname="US_000 Affectation des points" name="Equipe A joue un match contre Equipe B" time="0"/>
  <testcase classname="US_000 Affectation des points" name="Equipe A joue un match contre Equipe B" time="0"/>
  <testcase classname="US_001 Attribution de la performance de lentraineur" name="LEquipe de LEntraineur A joue un match contre LEquipe de LEntraineur B" time="0.032"/>
  <testcase classname="US_001 Attribution de la performance de lentraineur" name="LEquipe de LEntraineur A joue un match contre LEquipe de LEntraineur B" time="0.001"/>
  <testcase classname="US_002 Strategy de lentraineur" name="LEntraineur A met en place une strategy pour son prochain match" time="0.022">
    <skipped/>
  </testcase>
</testsuite>